<?xml version="1.0" encoding="UTF-8"?>
<testsuite name="Bootcamp.AppTest" tests="1" skipped="0" failures="0" errors="0" timestamp="2019-09-22T11:57:09" hostname="DESKTOP-ATQAV69" time="0.014">
  <properties/>
  <testcase name="appHasAGreeting()" classname="Bootcamp.AppTest" time="0.014"/>
  <system-out><![CDATA[]]></system-out>
  <system-err><![CDATA[]]></system-err>
</testsuite>
